{"/home/michal/Work/dev/algorythms__data-structures__js/src/algorythms/prime-numbers.js": {"path":"/home/michal/Work/dev/algorythms__data-structures__js/src/algorythms/prime-numbers.js","statementMap":{"0":{"start":{"line":7,"column":21},"end":{"line":30,"column":1}},"1":{"start":{"line":8,"column":2},"end":{"line":12,"column":3}},"2":{"start":{"line":9,"column":4},"end":{"line":9,"column":17}},"3":{"start":{"line":10,"column":9},"end":{"line":12,"column":3}},"4":{"start":{"line":11,"column":4},"end":{"line":11,"column":16}},"5":{"start":{"line":14,"column":21},"end":{"line":14,"column":22}},"6":{"start":{"line":21,"column":16},"end":{"line":21,"column":34}},"7":{"start":{"line":23,"column":2},"end":{"line":28,"column":3}},"8":{"start":{"line":24,"column":4},"end":{"line":26,"column":5}},"9":{"start":{"line":25,"column":6},"end":{"line":25,"column":19}},"10":{"start":{"line":27,"column":4},"end":{"line":27,"column":22}},"11":{"start":{"line":29,"column":2},"end":{"line":29,"column":14}}},"fnMap":{"0":{"name":"(anonymous_0)","decl":{"start":{"line":7,"column":21},"end":{"line":7,"column":22}},"loc":{"start":{"line":7,"column":41},"end":{"line":30,"column":1}},"line":7}},"branchMap":{"0":{"loc":{"start":{"line":8,"column":2},"end":{"line":12,"column":3}},"type":"if","locations":[{"start":{"line":8,"column":2},"end":{"line":12,"column":3}},{"start":{"line":8,"column":2},"end":{"line":12,"column":3}}],"line":8},"1":{"loc":{"start":{"line":10,"column":9},"end":{"line":12,"column":3}},"type":"if","locations":[{"start":{"line":10,"column":9},"end":{"line":12,"column":3}},{"start":{"line":10,"column":9},"end":{"line":12,"column":3}}],"line":10},"2":{"loc":{"start":{"line":24,"column":4},"end":{"line":26,"column":5}},"type":"if","locations":[{"start":{"line":24,"column":4},"end":{"line":26,"column":5}},{"start":{"line":24,"column":4},"end":{"line":26,"column":5}}],"line":24}},"s":{"0":1,"1":7,"2":3,"3":4,"4":1,"5":3,"6":3,"7":3,"8":3,"9":1,"10":2,"11":2},"f":{"0":7},"b":{"0":[3,4],"1":[1,3],"2":[1,2]},"_coverageSchema":"1a1c01bbd47fc00a2c39e90264f33305004495a9","hash":"431e2e753527d389ce869b32d6826884cb547d1e"}
,"/home/michal/Work/dev/algorythms__data-structures__js/src/data-structures/queue.js": {"path":"/home/michal/Work/dev/algorythms__data-structures__js/src/data-structures/queue.js","statementMap":{"0":{"start":{"line":1,"column":14},"end":{"line":32,"column":1}},"1":{"start":{"line":2,"column":18},"end":{"line":2,"column":20}},"2":{"start":{"line":4,"column":20},"end":{"line":6,"column":5}},"3":{"start":{"line":5,"column":8},"end":{"line":5,"column":29}},"4":{"start":{"line":8,"column":23},"end":{"line":10,"column":5}},"5":{"start":{"line":9,"column":8},"end":{"line":9,"column":27}},"6":{"start":{"line":12,"column":20},"end":{"line":17,"column":5}},"7":{"start":{"line":13,"column":8},"end":{"line":15,"column":9}},"8":{"start":{"line":14,"column":12},"end":{"line":14,"column":24}},"9":{"start":{"line":16,"column":8},"end":{"line":16,"column":29}},"10":{"start":{"line":19,"column":22},"end":{"line":24,"column":5}},"11":{"start":{"line":20,"column":8},"end":{"line":22,"column":9}},"12":{"start":{"line":21,"column":12},"end":{"line":21,"column":24}},"13":{"start":{"line":23,"column":8},"end":{"line":23,"column":24}},"14":{"start":{"line":26,"column":4},"end":{"line":31,"column":5}}},"fnMap":{"0":{"name":"(anonymous_0)","decl":{"start":{"line":1,"column":14},"end":{"line":1,"column":15}},"loc":{"start":{"line":1,"column":20},"end":{"line":32,"column":1}},"line":1},"1":{"name":"(anonymous_1)","decl":{"start":{"line":4,"column":20},"end":{"line":4,"column":21}},"loc":{"start":{"line":4,"column":26},"end":{"line":6,"column":5}},"line":4},"2":{"name":"(anonymous_2)","decl":{"start":{"line":8,"column":23},"end":{"line":8,"column":24}},"loc":{"start":{"line":8,"column":35},"end":{"line":10,"column":5}},"line":8},"3":{"name":"(anonymous_3)","decl":{"start":{"line":12,"column":20},"end":{"line":12,"column":21}},"loc":{"start":{"line":12,"column":26},"end":{"line":17,"column":5}},"line":12},"4":{"name":"(anonymous_4)","decl":{"start":{"line":19,"column":22},"end":{"line":19,"column":23}},"loc":{"start":{"line":19,"column":28},"end":{"line":24,"column":5}},"line":19}},"branchMap":{"0":{"loc":{"start":{"line":13,"column":8},"end":{"line":15,"column":9}},"type":"if","locations":[{"start":{"line":13,"column":8},"end":{"line":15,"column":9}},{"start":{"line":13,"column":8},"end":{"line":15,"column":9}}],"line":13},"1":{"loc":{"start":{"line":20,"column":8},"end":{"line":22,"column":9}},"type":"if","locations":[{"start":{"line":20,"column":8},"end":{"line":22,"column":9}},{"start":{"line":20,"column":8},"end":{"line":22,"column":9}}],"line":20}},"s":{"0":1,"1":6,"2":6,"3":8,"4":6,"5":6,"6":6,"7":3,"8":1,"9":2,"10":6,"11":3,"12":1,"13":2,"14":6},"f":{"0":6,"1":8,"2":6,"3":3,"4":3},"b":{"0":[1,2],"1":[1,2]},"_coverageSchema":"1a1c01bbd47fc00a2c39e90264f33305004495a9","hash":"0ce2f4b9c1b9bd49142bb7b1f1814fe7b164969a"}
,"/home/michal/Work/dev/algorythms__data-structures__js/src/data-structures/stack.js": {"path":"/home/michal/Work/dev/algorythms__data-structures__js/src/data-structures/stack.js","statementMap":{"0":{"start":{"line":8,"column":12},"end":{"line":36,"column":1}},"1":{"start":{"line":9,"column":4},"end":{"line":9,"column":30}},"2":{"start":{"line":11,"column":17},"end":{"line":13,"column":5}},"3":{"start":{"line":12,"column":8},"end":{"line":12,"column":40}},"4":{"start":{"line":15,"column":20},"end":{"line":17,"column":5}},"5":{"start":{"line":16,"column":8},"end":{"line":16,"column":39}},"6":{"start":{"line":19,"column":16},"end":{"line":24,"column":5}},"7":{"start":{"line":20,"column":8},"end":{"line":22,"column":9}},"8":{"start":{"line":21,"column":12},"end":{"line":21,"column":24}},"9":{"start":{"line":23,"column":8},"end":{"line":23,"column":32}},"10":{"start":{"line":26,"column":20},"end":{"line":28,"column":5}},"11":{"start":{"line":27,"column":8},"end":{"line":27,"column":49}},"12":{"start":{"line":30,"column":4},"end":{"line":35,"column":6}}},"fnMap":{"0":{"name":"(anonymous_0)","decl":{"start":{"line":8,"column":12},"end":{"line":8,"column":13}},"loc":{"start":{"line":8,"column":24},"end":{"line":36,"column":1}},"line":8},"1":{"name":"(anonymous_1)","decl":{"start":{"line":11,"column":17},"end":{"line":11,"column":18}},"loc":{"start":{"line":11,"column":37},"end":{"line":13,"column":5}},"line":11},"2":{"name":"(anonymous_2)","decl":{"start":{"line":15,"column":20},"end":{"line":15,"column":21}},"loc":{"start":{"line":15,"column":26},"end":{"line":17,"column":5}},"line":15},"3":{"name":"(anonymous_3)","decl":{"start":{"line":19,"column":16},"end":{"line":19,"column":17}},"loc":{"start":{"line":19,"column":22},"end":{"line":24,"column":5}},"line":19},"4":{"name":"(anonymous_4)","decl":{"start":{"line":26,"column":20},"end":{"line":26,"column":21}},"loc":{"start":{"line":26,"column":26},"end":{"line":28,"column":5}},"line":26}},"branchMap":{"0":{"loc":{"start":{"line":20,"column":8},"end":{"line":22,"column":9}},"type":"if","locations":[{"start":{"line":20,"column":8},"end":{"line":22,"column":9}},{"start":{"line":20,"column":8},"end":{"line":22,"column":9}}],"line":20}},"s":{"0":1,"1":4,"2":4,"3":4,"4":4,"5":4,"6":4,"7":3,"8":1,"9":2,"10":4,"11":2,"12":4},"f":{"0":4,"1":4,"2":4,"3":3,"4":2},"b":{"0":[1,2]},"_coverageSchema":"1a1c01bbd47fc00a2c39e90264f33305004495a9","hash":"88de0c24245fa0e2c4c7d3945338c7c9cc7f6bd6"}
}
