TN:
SF:src/algorythms/prime-numbers.js
FN:7,(anonymous_0)
FNF:1
FNH:1
FNDA:7,(anonymous_0)
DA:7,1
DA:8,7
DA:9,3
DA:10,4
DA:11,1
DA:14,3
DA:21,3
DA:23,3
DA:24,3
DA:25,1
DA:27,2
DA:29,2
LF:12
LH:12
BRDA:8,0,0,3
BRDA:8,0,1,4
BRDA:10,1,0,1
BRDA:10,1,1,3
BRDA:24,2,0,1
BRDA:24,2,1,2
BRF:6
BRH:6
end_of_record
TN:
SF:src/data-structures/queue.js
FN:1,(anonymous_0)
FN:4,(anonymous_1)
FN:8,(anonymous_2)
FN:12,(anonymous_3)
FN:19,(anonymous_4)
FNF:5
FNH:5
FNDA:6,(anonymous_0)
FNDA:8,(anonymous_1)
FNDA:6,(anonymous_2)
FNDA:3,(anonymous_3)
FNDA:3,(anonymous_4)
DA:1,1
DA:2,6
DA:4,6
DA:5,8
DA:8,6
DA:9,6
DA:12,6
DA:13,3
DA:14,1
DA:16,2
DA:19,6
DA:20,3
DA:21,1
DA:23,2
DA:26,6
LF:15
LH:15
BRDA:13,0,0,1
BRDA:13,0,1,2
BRDA:20,1,0,1
BRDA:20,1,1,2
BRF:4
BRH:4
end_of_record
TN:
SF:src/data-structures/stack.js
FN:8,(anonymous_0)
FN:11,(anonymous_1)
FN:15,(anonymous_2)
FN:19,(anonymous_3)
FN:26,(anonymous_4)
FNF:5
FNH:5
FNDA:4,(anonymous_0)
FNDA:4,(anonymous_1)
FNDA:4,(anonymous_2)
FNDA:3,(anonymous_3)
FNDA:2,(anonymous_4)
DA:8,1
DA:9,4
DA:11,4
DA:12,4
DA:15,4
DA:16,4
DA:19,4
DA:20,3
DA:21,1
DA:23,2
DA:26,4
DA:27,2
DA:30,4
LF:13
LH:13
BRDA:20,0,0,1
BRDA:20,0,1,2
BRF:2
BRH:2
end_of_record
