TN:
SF:src/algorythms/prime-numbers.js
FN:7,(anonymous_0)
FNF:1
FNH:1
FNDA:7,(anonymous_0)
DA:7,1
DA:8,7
DA:9,3
DA:10,4
DA:11,1
DA:14,3
DA:21,3
DA:23,3
DA:24,3
DA:25,1
DA:27,2
DA:29,2
LF:12
LH:12
BRDA:8,0,0,3
BRDA:8,0,1,4
BRDA:10,1,0,1
BRDA:10,1,1,3
BRDA:24,2,0,1
BRDA:24,2,1,2
BRF:6
BRH:6
end_of_record
TN:
SF:src/algorythms/reverse-polish-notation.js
FN:3,(anonymous_0)
FNF:1
FNH:1
FNDA:1,(anonymous_0)
DA:3,1
DA:4,1
DA:6,1
DA:7,1
DA:9,1
DA:10,5
DA:11,3
DA:12,3
DA:14,2
DA:15,2
DA:17,1
LF:11
LH:11
BRDA:10,0,0,3
BRDA:10,0,1,2
BRF:2
BRH:2
end_of_record
TN:
SF:src/data-structures/queue.js
FN:4,(anonymous_0)
FN:7,(anonymous_1)
FN:11,(anonymous_2)
FN:15,(anonymous_3)
FN:22,(anonymous_4)
FNF:5
FNH:5
FNDA:6,(anonymous_0)
FNDA:8,(anonymous_1)
FNDA:6,(anonymous_2)
FNDA:3,(anonymous_3)
FNDA:3,(anonymous_4)
DA:4,1
DA:5,6
DA:7,6
DA:8,8
DA:11,6
DA:12,6
DA:15,6
DA:16,3
DA:17,1
DA:19,2
DA:22,6
DA:23,3
DA:24,1
DA:26,2
DA:29,6
LF:15
LH:15
BRDA:16,0,0,1
BRDA:16,0,1,2
BRDA:23,1,0,1
BRDA:23,1,1,2
BRF:4
BRH:4
end_of_record
TN:
SF:src/data-structures/stack.js
FN:4,(anonymous_0)
FN:7,(anonymous_1)
FN:11,(anonymous_2)
FN:15,(anonymous_3)
FN:22,(anonymous_4)
FNF:5
FNH:5
FNDA:5,(anonymous_0)
FNDA:9,(anonymous_1)
FNDA:9,(anonymous_2)
FNDA:8,(anonymous_3)
FNDA:2,(anonymous_4)
DA:4,2
DA:5,5
DA:7,5
DA:8,9
DA:11,5
DA:12,9
DA:15,5
DA:16,8
DA:17,1
DA:19,7
DA:22,5
DA:23,2
DA:26,5
LF:13
LH:13
BRDA:16,0,0,1
BRDA:16,0,1,7
BRF:2
BRH:2
end_of_record
